TN:
SF:src/bittrex-client.ts
FN:7,(anonymous_13)
FN:16,BittrexClient
FN:43,(anonymous_15)
FN:59,(anonymous_18)
FN:70,(anonymous_21)
FN:81,(anonymous_24)
FN:94,(anonymous_27)
FN:119,(anonymous_30)
FN:132,(anonymous_33)
FN:142,(anonymous_36)
FN:160,(anonymous_39)
FN:171,(anonymous_42)
FN:180,(anonymous_45)
FN:201,(anonymous_48)
FN:216,(anonymous_51)
FN:226,(anonymous_54)
FN:239,(anonymous_57)
FN:256,(anonymous_60)
FN:265,(anonymous_63)
FN:274,(anonymous_66)
FN:291,(anonymous_69)
FN:307,(anonymous_72)
FN:319,(anonymous_75)
FN:330,(anonymous_78)
FN:348,(anonymous_81)
FN:358,(anonymous_84)
FN:383,(anonymous_87)
FN:397,(anonymous_90)
FN:405,(anonymous_93)
FN:417,(anonymous_96)
FN:429,(anonymous_99)
FN:438,(anonymous_102)
FN:447,(anonymous_105)
FN:455,(anonymous_108)
FN:463,(anonymous_111)
FN:472,(anonymous_114)
FN:481,(anonymous_117)
FN:491,(anonymous_120)
FN:502,(anonymous_123)
FN:515,(anonymous_126)
FN:524,(anonymous_129)
FN:534,(anonymous_132)
FN:550,(anonymous_135)
FN:562,(anonymous_138)
FN:592,(anonymous_141)
FN:613,(anonymous_144)
FN:630,(anonymous_147)
FN:640,(anonymous_150)
FN:648,(anonymous_153)
FN:657,(anonymous_156)
FN:667,(anonymous_159)
FN:683,(anonymous_162)
FN:693,(anonymous_165)
FN:706,(anonymous_168)
FN:733,(anonymous_171)
FN:750,(anonymous_174)
FN:762,(anonymous_177)
FN:784,(anonymous_180)
FN:806,(anonymous_183)
FN:830,(anonymous_186)
FN:851,(anonymous_189)
FN:871,(anonymous_192)
FN:882,(anonymous_195)
FN:895,(anonymous_198)
FN:912,(anonymous_201)
FN:930,(anonymous_204)
FN:940,(anonymous_207)
FN:952,(anonymous_210)
FN:963,(anonymous_213)
FN:972,(anonymous_216)
FN:987,(anonymous_219)
FN:999,(anonymous_222)
FN:1023,(anonymous_223)
FN:1037,(anonymous_224)
FN:1052,(anonymous_225)
FNF:75
FNH:75
FNDA:1,(anonymous_13)
FNDA:1,BittrexClient
FNDA:1,(anonymous_15)
FNDA:2,(anonymous_18)
FNDA:1,(anonymous_21)
FNDA:2,(anonymous_24)
FNDA:2,(anonymous_27)
FNDA:3,(anonymous_30)
FNDA:1,(anonymous_33)
FNDA:1,(anonymous_36)
FNDA:1,(anonymous_39)
FNDA:1,(anonymous_42)
FNDA:1,(anonymous_45)
FNDA:1,(anonymous_48)
FNDA:1,(anonymous_51)
FNDA:1,(anonymous_54)
FNDA:1,(anonymous_57)
FNDA:1,(anonymous_60)
FNDA:1,(anonymous_63)
FNDA:1,(anonymous_66)
FNDA:2,(anonymous_69)
FNDA:1,(anonymous_72)
FNDA:1,(anonymous_75)
FNDA:1,(anonymous_78)
FNDA:1,(anonymous_81)
FNDA:1,(anonymous_84)
FNDA:3,(anonymous_87)
FNDA:1,(anonymous_90)
FNDA:1,(anonymous_93)
FNDA:1,(anonymous_96)
FNDA:1,(anonymous_99)
FNDA:1,(anonymous_102)
FNDA:1,(anonymous_105)
FNDA:1,(anonymous_108)
FNDA:1,(anonymous_111)
FNDA:1,(anonymous_114)
FNDA:1,(anonymous_117)
FNDA:1,(anonymous_120)
FNDA:5,(anonymous_123)
FNDA:1,(anonymous_126)
FNDA:1,(anonymous_129)
FNDA:1,(anonymous_132)
FNDA:6,(anonymous_135)
FNDA:2,(anonymous_138)
FNDA:4,(anonymous_141)
FNDA:2,(anonymous_144)
FNDA:1,(anonymous_147)
FNDA:1,(anonymous_150)
FNDA:1,(anonymous_153)
FNDA:1,(anonymous_156)
FNDA:1,(anonymous_159)
FNDA:1,(anonymous_162)
FNDA:1,(anonymous_165)
FNDA:1,(anonymous_168)
FNDA:2,(anonymous_171)
FNDA:1,(anonymous_174)
FNDA:1,(anonymous_177)
FNDA:1,(anonymous_180)
FNDA:1,(anonymous_183)
FNDA:1,(anonymous_186)
FNDA:1,(anonymous_189)
FNDA:1,(anonymous_192)
FNDA:1,(anonymous_195)
FNDA:1,(anonymous_198)
FNDA:1,(anonymous_201)
FNDA:1,(anonymous_204)
FNDA:1,(anonymous_207)
FNDA:1,(anonymous_210)
FNDA:1,(anonymous_213)
FNDA:1,(anonymous_216)
FNDA:89,(anonymous_219)
FNDA:26,(anonymous_222)
FNDA:89,(anonymous_223)
FNDA:89,(anonymous_224)
FNDA:34,(anonymous_225)
DA:1,1
DA:2,1
DA:3,1
DA:4,1
DA:7,1
DA:16,1
DA:21,1
DA:22,1
DA:24,1
DA:43,1
DA:44,1
DA:59,1
DA:60,2
DA:61,1
DA:63,1
DA:70,1
DA:71,1
DA:72,1
DA:81,1
DA:82,2
DA:83,1
DA:85,1
DA:94,1
DA:95,2
DA:96,1
DA:98,1
DA:119,1
DA:120,3
DA:121,2
DA:123,1
DA:132,1
DA:133,1
DA:142,1
DA:143,1
DA:160,1
DA:161,1
DA:171,1
DA:172,1
DA:173,1
DA:180,1
DA:181,1
DA:201,1
DA:205,1
DA:216,1
DA:217,1
DA:218,0
DA:226,1
DA:227,1
DA:228,0
DA:239,1
DA:247,1
DA:248,1
DA:256,1
DA:257,1
DA:258,1
DA:265,1
DA:266,1
DA:274,1
DA:275,1
DA:276,0
DA:291,1
DA:292,2
DA:293,1
DA:295,1
DA:307,1
DA:311,1
DA:312,1
DA:319,1
DA:320,1
DA:330,1
DA:339,1
DA:340,1
DA:348,1
DA:349,1
DA:350,1
DA:358,1
DA:359,1
DA:383,1
DA:385,5
DA:386,1
DA:388,2
DA:390,2
DA:397,1
DA:398,1
DA:405,1
DA:406,1
DA:417,1
DA:418,1
DA:429,1
DA:430,1
DA:431,1
DA:438,1
DA:439,1
DA:440,1
DA:447,1
DA:448,1
DA:455,1
DA:456,1
DA:463,1
DA:464,1
DA:472,1
DA:473,1
DA:481,1
DA:482,1
DA:483,1
DA:491,1
DA:492,1
DA:493,1
DA:502,1
DA:503,5
DA:504,1
DA:506,4
DA:515,1
DA:516,1
DA:524,1
DA:525,1
DA:526,1
DA:534,1
DA:535,1
DA:550,1
DA:551,6
DA:552,6
DA:562,1
DA:563,2
DA:592,1
DA:593,4
DA:594,4
DA:595,4
DA:596,4
DA:597,4
DA:598,4
DA:599,4
DA:613,1
DA:621,2
DA:622,2
DA:630,1
DA:631,1
DA:632,1
DA:640,1
DA:641,1
DA:648,1
DA:649,1
DA:657,1
DA:658,1
DA:659,0
DA:667,1
DA:668,1
DA:669,0
DA:683,1
DA:684,1
DA:685,0
DA:693,1
DA:694,1
DA:695,0
DA:706,1
DA:707,1
DA:733,1
DA:734,2
DA:735,1
DA:737,1
DA:738,0
DA:750,1
DA:751,1
DA:752,0
DA:762,1
DA:771,1
DA:772,1
DA:784,1
DA:793,1
DA:794,1
DA:806,1
DA:815,1
DA:816,1
DA:830,1
DA:840,1
DA:841,0
DA:851,1
DA:861,1
DA:862,0
DA:871,1
DA:872,1
DA:873,0
DA:882,1
DA:883,1
DA:895,1
DA:899,1
DA:900,1
DA:912,1
DA:921,1
DA:922,1
DA:930,1
DA:931,1
DA:932,1
DA:940,1
DA:941,1
DA:942,0
DA:952,1
DA:953,1
DA:963,1
DA:964,1
DA:965,0
DA:972,1
DA:973,1
DA:974,1
DA:987,89
DA:988,89
DA:990,89
DA:991,89
DA:992,89
DA:993,89
DA:994,89
DA:995,89
DA:996,89
DA:999,89
DA:1000,26
DA:1001,26
DA:1007,89
DA:1008,23
DA:1011,66
DA:1023,1
DA:1024,89
DA:1025,89
DA:1026,89
DA:1027,89
DA:1028,89
DA:1037,89
DA:1038,89
DA:1039,89
DA:1040,10
DA:1041,6
DA:1043,89
DA:1052,1
DA:1053,5997
DA:1054,11994
DA:1055,6003
DA:1056,6003
DA:1059,34
DA:1063,1
DA:1065,1
LF:239
LH:225
BRDA:16,0,0,1
BRDA:16,0,1,0
BRDA:60,1,0,1
BRDA:60,1,1,1
BRDA:71,2,0,1
BRDA:82,3,0,1
BRDA:82,3,1,1
BRDA:95,4,0,1
BRDA:95,4,1,1
BRDA:120,5,0,2
BRDA:120,5,1,1
BRDA:172,6,0,1
BRDA:217,7,0,1
BRDA:227,8,0,1
BRDA:247,9,0,1
BRDA:257,10,0,1
BRDA:275,11,0,1
BRDA:292,12,0,1
BRDA:292,12,1,1
BRDA:311,13,0,1
BRDA:339,14,0,1
BRDA:349,15,0,1
BRDA:388,16,0,2
BRDA:388,16,1,2
BRDA:385,17,0,2
BRDA:385,17,1,1
BRDA:430,18,0,1
BRDA:439,19,0,1
BRDA:482,20,0,1
BRDA:492,21,0,1
BRDA:503,22,0,1
BRDA:503,22,1,4
BRDA:503,23,0,5
BRDA:503,23,1,4
BRDA:525,24,0,1
BRDA:551,25,0,6
BRDA:551,26,0,2
BRDA:551,26,1,4
BRDA:563,27,0,1
BRDA:563,27,1,1
BRDA:593,28,0,0
BRDA:593,28,1,4
BRDA:594,29,0,0
BRDA:594,29,1,4
BRDA:594,30,0,4
BRDA:594,30,1,1
BRDA:595,31,0,0
BRDA:595,31,1,4
BRDA:595,32,0,4
BRDA:595,32,1,4
BRDA:595,32,2,3
BRDA:595,32,3,1
BRDA:596,33,0,0
BRDA:596,33,1,4
BRDA:596,34,0,4
BRDA:596,34,1,2
BRDA:596,34,2,1
BRDA:597,35,0,3
BRDA:597,35,1,1
BRDA:597,36,0,3
BRDA:597,36,1,1
BRDA:597,37,0,2
BRDA:597,37,1,2
BRDA:621,38,0,2
BRDA:631,39,0,1
BRDA:658,40,0,1
BRDA:668,41,0,1
BRDA:684,42,0,1
BRDA:694,43,0,1
BRDA:734,44,0,1
BRDA:734,44,1,1
BRDA:751,45,0,1
BRDA:771,46,0,1
BRDA:793,47,0,1
BRDA:815,48,0,1
BRDA:840,49,0,1
BRDA:861,50,0,1
BRDA:872,51,0,1
BRDA:899,52,0,1
BRDA:921,53,0,1
BRDA:931,54,0,1
BRDA:941,55,0,1
BRDA:964,56,0,1
BRDA:973,57,0,1
BRDA:987,58,0,60
BRDA:987,58,1,29
BRDA:987,59,0,89
BRDA:987,59,1,0
BRDA:987,60,0,79
BRDA:987,60,1,10
BRDA:987,61,0,84
BRDA:987,61,1,5
BRDA:990,62,0,89
BRDA:990,62,1,0
BRDA:992,63,0,5
BRDA:992,63,1,84
BRDA:1000,64,0,26
BRDA:1000,64,1,0
BRDA:1007,65,0,23
BRDA:1007,65,1,66
BRDA:1025,66,0,6
BRDA:1025,66,1,83
BRDA:1037,67,0,0
BRDA:1037,67,1,89
BRDA:1040,68,0,4
BRDA:1040,68,1,6
BRDA:1055,69,0,0
BRDA:1055,69,1,6003
BRF:108
BRH:98
end_of_record
TN:
SF:src/index.ts
FNF:0
FNH:0
DA:1,1
DA:3,1
LF:2
LH:2
BRF:0
BRH:0
end_of_record
