TN:
SF:src/bittrex-client.ts
FN:7,(anonymous_13)
FN:16,BittrexClient
FN:43,(anonymous_15)
FN:59,(anonymous_18)
FN:70,(anonymous_21)
FN:80,(anonymous_24)
FN:93,(anonymous_27)
FN:118,(anonymous_30)
FN:131,(anonymous_33)
FN:141,(anonymous_36)
FN:159,(anonymous_39)
FN:170,(anonymous_42)
FN:178,(anonymous_45)
FN:199,(anonymous_48)
FN:214,(anonymous_51)
FN:223,(anonymous_54)
FN:235,(anonymous_57)
FN:251,(anonymous_60)
FN:259,(anonymous_63)
FN:268,(anonymous_66)
FN:284,(anonymous_69)
FN:300,(anonymous_72)
FN:311,(anonymous_75)
FN:322,(anonymous_78)
FN:339,(anonymous_81)
FN:348,(anonymous_84)
FN:373,(anonymous_87)
FN:384,(anonymous_90)
FN:392,(anonymous_93)
FN:404,(anonymous_96)
FN:416,(anonymous_99)
FN:425,(anonymous_102)
FN:434,(anonymous_105)
FN:442,(anonymous_108)
FN:450,(anonymous_111)
FN:459,(anonymous_114)
FN:468,(anonymous_117)
FN:477,(anonymous_120)
FN:487,(anonymous_123)
FN:500,(anonymous_126)
FN:509,(anonymous_129)
FN:518,(anonymous_132)
FN:534,(anonymous_135)
FN:545,(anonymous_138)
FN:575,(anonymous_141)
FN:595,(anonymous_144)
FN:613,(anonymous_147)
FN:622,(anonymous_150)
FN:630,(anonymous_153)
FN:639,(anonymous_156)
FN:648,(anonymous_159)
FN:663,(anonymous_162)
FN:672,(anonymous_165)
FN:684,(anonymous_168)
FN:711,(anonymous_171)
FN:727,(anonymous_174)
FN:738,(anonymous_177)
FN:759,(anonymous_180)
FN:780,(anonymous_183)
FN:803,(anonymous_186)
FN:823,(anonymous_189)
FN:842,(anonymous_192)
FN:852,(anonymous_195)
FN:865,(anonymous_198)
FN:881,(anonymous_201)
FN:898,(anonymous_204)
FN:907,(anonymous_207)
FN:918,(anonymous_210)
FN:929,(anonymous_213)
FN:937,(anonymous_216)
FN:951,(anonymous_219)
FN:963,(anonymous_222)
FN:987,(anonymous_223)
FN:1001,(anonymous_224)
FN:1016,(anonymous_225)
FNF:75
FNH:62
FNDA:1,(anonymous_13)
FNDA:1,BittrexClient
FNDA:1,(anonymous_15)
FNDA:2,(anonymous_18)
FNDA:1,(anonymous_21)
FNDA:2,(anonymous_24)
FNDA:2,(anonymous_27)
FNDA:3,(anonymous_30)
FNDA:1,(anonymous_33)
FNDA:1,(anonymous_36)
FNDA:1,(anonymous_39)
FNDA:1,(anonymous_42)
FNDA:1,(anonymous_45)
FNDA:1,(anonymous_48)
FNDA:1,(anonymous_51)
FNDA:1,(anonymous_54)
FNDA:1,(anonymous_57)
FNDA:1,(anonymous_60)
FNDA:1,(anonymous_63)
FNDA:1,(anonymous_66)
FNDA:2,(anonymous_69)
FNDA:1,(anonymous_72)
FNDA:1,(anonymous_75)
FNDA:1,(anonymous_78)
FNDA:1,(anonymous_81)
FNDA:1,(anonymous_84)
FNDA:3,(anonymous_87)
FNDA:1,(anonymous_90)
FNDA:1,(anonymous_93)
FNDA:1,(anonymous_96)
FNDA:1,(anonymous_99)
FNDA:1,(anonymous_102)
FNDA:0,(anonymous_105)
FNDA:1,(anonymous_108)
FNDA:0,(anonymous_111)
FNDA:1,(anonymous_114)
FNDA:1,(anonymous_117)
FNDA:1,(anonymous_120)
FNDA:5,(anonymous_123)
FNDA:1,(anonymous_126)
FNDA:1,(anonymous_129)
FNDA:1,(anonymous_132)
FNDA:6,(anonymous_135)
FNDA:2,(anonymous_138)
FNDA:4,(anonymous_141)
FNDA:2,(anonymous_144)
FNDA:1,(anonymous_147)
FNDA:1,(anonymous_150)
FNDA:1,(anonymous_153)
FNDA:1,(anonymous_156)
FNDA:1,(anonymous_159)
FNDA:1,(anonymous_162)
FNDA:1,(anonymous_165)
FNDA:1,(anonymous_168)
FNDA:2,(anonymous_171)
FNDA:1,(anonymous_174)
FNDA:1,(anonymous_177)
FNDA:1,(anonymous_180)
FNDA:1,(anonymous_183)
FNDA:0,(anonymous_186)
FNDA:0,(anonymous_189)
FNDA:0,(anonymous_192)
FNDA:0,(anonymous_195)
FNDA:0,(anonymous_198)
FNDA:0,(anonymous_201)
FNDA:0,(anonymous_204)
FNDA:0,(anonymous_207)
FNDA:0,(anonymous_210)
FNDA:0,(anonymous_213)
FNDA:0,(anonymous_216)
FNDA:76,(anonymous_219)
FNDA:19,(anonymous_222)
FNDA:76,(anonymous_223)
FNDA:76,(anonymous_224)
FNDA:2,(anonymous_225)
DA:1,1
DA:2,1
DA:3,1
DA:4,1
DA:7,1
DA:16,1
DA:21,1
DA:22,1
DA:24,1
DA:43,1
DA:44,1
DA:59,1
DA:60,2
DA:61,1
DA:63,1
DA:70,1
DA:71,1
DA:80,1
DA:81,2
DA:82,1
DA:84,1
DA:93,1
DA:94,2
DA:95,1
DA:97,1
DA:118,1
DA:119,3
DA:120,2
DA:122,1
DA:131,1
DA:132,1
DA:141,1
DA:142,1
DA:159,1
DA:160,1
DA:170,1
DA:171,1
DA:178,1
DA:179,1
DA:199,1
DA:203,1
DA:214,1
DA:215,1
DA:223,1
DA:224,1
DA:235,1
DA:243,1
DA:251,1
DA:252,1
DA:259,1
DA:260,1
DA:268,1
DA:269,1
DA:284,1
DA:285,2
DA:286,1
DA:288,1
DA:300,1
DA:304,1
DA:311,1
DA:312,1
DA:322,1
DA:331,1
DA:339,1
DA:340,1
DA:348,1
DA:349,1
DA:373,1
DA:374,3
DA:375,1
DA:377,2
DA:384,1
DA:385,1
DA:392,1
DA:393,1
DA:404,1
DA:405,1
DA:416,1
DA:417,1
DA:418,1
DA:425,1
DA:426,1
DA:427,1
DA:434,1
DA:435,0
DA:442,1
DA:443,1
DA:450,1
DA:451,0
DA:459,1
DA:460,1
DA:468,1
DA:469,1
DA:477,1
DA:478,1
DA:487,1
DA:488,5
DA:489,1
DA:491,4
DA:500,1
DA:501,1
DA:509,1
DA:510,1
DA:518,1
DA:519,1
DA:534,1
DA:535,6
DA:545,1
DA:546,2
DA:575,1
DA:576,4
DA:577,4
DA:578,4
DA:579,4
DA:580,4
DA:581,4
DA:595,1
DA:603,2
DA:613,1
DA:614,1
DA:622,1
DA:623,1
DA:630,1
DA:631,1
DA:639,1
DA:640,1
DA:648,1
DA:649,1
DA:663,1
DA:664,1
DA:672,1
DA:673,1
DA:684,1
DA:685,1
DA:711,1
DA:712,2
DA:713,1
DA:715,1
DA:727,1
DA:728,1
DA:738,1
DA:747,1
DA:759,1
DA:768,1
DA:780,1
DA:789,1
DA:803,1
DA:813,0
DA:823,1
DA:833,0
DA:842,1
DA:843,0
DA:852,1
DA:853,0
DA:865,1
DA:869,0
DA:881,1
DA:890,0
DA:898,1
DA:899,0
DA:907,1
DA:908,0
DA:918,1
DA:919,0
DA:929,1
DA:930,0
DA:937,1
DA:938,0
DA:951,76
DA:952,76
DA:954,76
DA:955,76
DA:956,76
DA:957,76
DA:958,76
DA:959,76
DA:960,76
DA:963,76
DA:964,19
DA:965,19
DA:967,0
DA:971,76
DA:972,16
DA:975,60
DA:987,1
DA:988,76
DA:989,76
DA:990,76
DA:991,76
DA:992,76
DA:1001,76
DA:1002,76
DA:1003,76
DA:1004,10
DA:1005,6
DA:1007,76
DA:1016,1
DA:1017,2070
DA:1018,4140
DA:1019,2070
DA:1020,2070
DA:1023,2
DA:1027,1
DA:1029,1
LF:204
LH:190
BRDA:16,0,0,1
BRDA:16,0,1,0
BRDA:60,1,0,1
BRDA:60,1,1,1
BRDA:81,2,0,1
BRDA:81,2,1,1
BRDA:94,3,0,1
BRDA:94,3,1,1
BRDA:119,4,0,2
BRDA:119,4,1,1
BRDA:285,5,0,1
BRDA:285,5,1,1
BRDA:374,6,0,1
BRDA:374,6,1,2
BRDA:417,7,0,1
BRDA:426,8,0,1
BRDA:488,9,0,1
BRDA:488,9,1,4
BRDA:488,10,0,5
BRDA:488,10,1,4
BRDA:535,11,0,2
BRDA:535,11,1,4
BRDA:546,12,0,1
BRDA:546,12,1,1
BRDA:576,13,0,0
BRDA:576,13,1,4
BRDA:577,14,0,0
BRDA:577,14,1,4
BRDA:577,15,0,4
BRDA:577,15,1,1
BRDA:578,16,0,0
BRDA:578,16,1,4
BRDA:578,17,0,4
BRDA:578,17,1,4
BRDA:578,17,2,3
BRDA:578,17,3,1
BRDA:579,18,0,0
BRDA:579,18,1,4
BRDA:579,19,0,4
BRDA:579,19,1,2
BRDA:579,19,2,1
BRDA:580,20,0,3
BRDA:580,20,1,1
BRDA:580,21,0,3
BRDA:580,21,1,1
BRDA:580,22,0,2
BRDA:580,22,1,2
BRDA:712,23,0,1
BRDA:712,23,1,1
BRDA:951,24,0,53
BRDA:951,24,1,23
BRDA:951,25,0,76
BRDA:951,25,1,0
BRDA:951,26,0,66
BRDA:951,26,1,10
BRDA:951,27,0,73
BRDA:951,27,1,3
BRDA:954,28,0,76
BRDA:954,28,1,0
BRDA:956,29,0,3
BRDA:956,29,1,73
BRDA:964,30,0,19
BRDA:964,30,1,0
BRDA:971,31,0,16
BRDA:971,31,1,60
BRDA:989,32,0,6
BRDA:989,32,1,70
BRDA:1001,33,0,0
BRDA:1001,33,1,76
BRDA:1004,34,0,4
BRDA:1004,34,1,6
BRDA:1019,35,0,0
BRDA:1019,35,1,2070
BRF:73
BRH:63
end_of_record
TN:
SF:src/index.ts
FNF:0
FNH:0
DA:1,1
DA:3,1
LF:2
LH:2
BRF:0
BRH:0
end_of_record
